 Container RPA-redis Running 
 Container RPA-minio Running 
 Container rmqnamesrv Running 
 Container RPA-pgdb Running 
 Container RPA-cadvisor Running 
 Container rmqbroker Running 
 Container RPA-prometheus Running 
 Container RPA-app Running 
 Container script-k6-run-2fd73562e117 Creating 
 Container script-k6-run-2fd73562e117 Created 

         /\      Grafana   /‾‾/  
    /\  /  \     |\  __   /  /   
   /  \/    \    | |/ /  /   ‾‾\ 
  /          \   |   (  |  (‾)  |
 / __________ \  |_|\_\  \_____/ 


     execution: local
        script: /scripts/apis/market_rank_daily.js
        output: Prometheus remote write (http://prometheus:9090/api/v1/write)

     scenarios: (100.00%) 1 scenario, 200 max VUs, 1m30s max duration (incl. graceful stop):
              * single_api: 600.00 iterations/s for 1m0s (maxVUs: 150-200, exec: singleApi, gracefulStop: 30s)


running (0m01.0s), 001/150 VUs, 591 complete and 0 interrupted iterations
single_api   [   2% ] 001/150 VUs  0m01.0s/1m0s  600.00 iters/s

running (0m02.0s), 002/150 VUs, 1190 complete and 0 interrupted iterations
single_api   [   3% ] 002/150 VUs  0m02.0s/1m0s  600.00 iters/s

running (0m03.0s), 001/150 VUs, 1791 complete and 0 interrupted iterations
single_api   [   5% ] 001/150 VUs  0m03.0s/1m0s  600.00 iters/s

running (0m04.0s), 001/150 VUs, 2391 complete and 0 interrupted iterations
single_api   [   7% ] 001/150 VUs  0m04.0s/1m0s  600.00 iters/s

running (0m05.0s), 000/150 VUs, 2991 complete and 0 interrupted iterations
single_api   [   8% ] 000/150 VUs  0m05.0s/1m0s  600.00 iters/s

running (0m06.0s), 001/150 VUs, 3591 complete and 0 interrupted iterations
single_api   [  10% ] 001/150 VUs  0m06.0s/1m0s  600.00 iters/s

running (0m07.0s), 000/150 VUs, 4191 complete and 0 interrupted iterations
single_api   [  12% ] 000/150 VUs  0m07.0s/1m0s  600.00 iters/s

running (0m08.0s), 001/150 VUs, 4791 complete and 0 interrupted iterations
single_api   [  13% ] 001/150 VUs  0m08.0s/1m0s  600.00 iters/s

running (0m09.0s), 001/150 VUs, 5391 complete and 0 interrupted iterations
single_api   [  15% ] 001/150 VUs  0m09.0s/1m0s  600.00 iters/s

running (0m10.0s), 001/150 VUs, 5991 complete and 0 interrupted iterations
single_api   [  17% ] 001/150 VUs  0m10.0s/1m0s  600.00 iters/s

running (0m11.0s), 001/150 VUs, 6591 complete and 0 interrupted iterations
single_api   [  18% ] 001/150 VUs  0m11.0s/1m0s  600.00 iters/s

running (0m12.0s), 001/150 VUs, 7191 complete and 0 interrupted iterations
single_api   [  20% ] 001/150 VUs  0m12.0s/1m0s  600.00 iters/s

running (0m13.0s), 001/150 VUs, 7791 complete and 0 interrupted iterations
single_api   [  22% ] 001/150 VUs  0m13.0s/1m0s  600.00 iters/s

running (0m14.0s), 001/150 VUs, 8391 complete and 0 interrupted iterations
single_api   [  23% ] 001/150 VUs  0m14.0s/1m0s  600.00 iters/s

running (0m15.0s), 001/150 VUs, 8991 complete and 0 interrupted iterations
single_api   [  25% ] 001/150 VUs  0m15.0s/1m0s  600.00 iters/s

running (0m16.0s), 001/150 VUs, 9591 complete and 0 interrupted iterations
single_api   [  27% ] 001/150 VUs  0m16.0s/1m0s  600.00 iters/s

running (0m17.0s), 000/150 VUs, 10191 complete and 0 interrupted iterations
single_api   [  28% ] 000/150 VUs  0m17.0s/1m0s  600.00 iters/s

running (0m18.0s), 001/150 VUs, 10791 complete and 0 interrupted iterations
single_api   [  30% ] 001/150 VUs  0m18.0s/1m0s  600.00 iters/s

running (0m19.0s), 001/150 VUs, 11391 complete and 0 interrupted iterations
single_api   [  32% ] 001/150 VUs  0m19.0s/1m0s  600.00 iters/s

running (0m20.0s), 002/150 VUs, 11990 complete and 0 interrupted iterations
single_api   [  33% ] 002/150 VUs  0m20.0s/1m0s  600.00 iters/s

running (0m21.0s), 001/150 VUs, 12591 complete and 0 interrupted iterations
single_api   [  35% ] 001/150 VUs  0m21.0s/1m0s  600.00 iters/s

running (0m22.0s), 000/150 VUs, 13191 complete and 0 interrupted iterations
single_api   [  37% ] 000/150 VUs  0m22.0s/1m0s  600.00 iters/s

running (0m23.0s), 001/150 VUs, 13791 complete and 0 interrupted iterations
single_api   [  38% ] 001/150 VUs  0m23.0s/1m0s  600.00 iters/s

running (0m24.0s), 001/150 VUs, 14391 complete and 0 interrupted iterations
single_api   [  40% ] 001/150 VUs  0m24.0s/1m0s  600.00 iters/s

running (0m25.0s), 001/150 VUs, 14991 complete and 0 interrupted iterations
single_api   [  42% ] 001/150 VUs  0m25.0s/1m0s  600.00 iters/s

running (0m26.0s), 001/150 VUs, 15591 complete and 0 interrupted iterations
single_api   [  43% ] 001/150 VUs  0m26.0s/1m0s  600.00 iters/s

running (0m27.0s), 001/150 VUs, 16191 complete and 0 interrupted iterations
single_api   [  45% ] 001/150 VUs  0m27.0s/1m0s  600.00 iters/s

running (0m28.0s), 001/150 VUs, 16791 complete and 0 interrupted iterations
single_api   [  47% ] 001/150 VUs  0m28.0s/1m0s  600.00 iters/s

running (0m29.0s), 000/150 VUs, 17391 complete and 0 interrupted iterations
single_api   [  48% ] 000/150 VUs  0m29.0s/1m0s  600.00 iters/s

running (0m30.0s), 001/150 VUs, 17990 complete and 0 interrupted iterations
single_api   [  50% ] 001/150 VUs  0m30.0s/1m0s  600.00 iters/s

running (0m31.0s), 001/150 VUs, 18591 complete and 0 interrupted iterations
single_api   [  52% ] 001/150 VUs  0m31.0s/1m0s  600.00 iters/s

running (0m32.0s), 001/150 VUs, 19191 complete and 0 interrupted iterations
single_api   [  53% ] 001/150 VUs  0m32.0s/1m0s  600.00 iters/s

running (0m33.0s), 001/150 VUs, 19791 complete and 0 interrupted iterations
single_api   [  55% ] 001/150 VUs  0m33.0s/1m0s  600.00 iters/s

running (0m34.0s), 001/150 VUs, 20391 complete and 0 interrupted iterations
single_api   [  57% ] 001/150 VUs  0m34.0s/1m0s  600.00 iters/s

running (0m35.0s), 001/150 VUs, 20991 complete and 0 interrupted iterations
single_api   [  58% ] 001/150 VUs  0m35.0s/1m0s  600.00 iters/s

running (0m36.0s), 001/150 VUs, 21590 complete and 0 interrupted iterations
single_api   [  60% ] 000/150 VUs  0m36.0s/1m0s  600.00 iters/s

running (0m37.0s), 002/150 VUs, 22190 complete and 0 interrupted iterations
single_api   [  62% ] 002/150 VUs  0m37.0s/1m0s  600.00 iters/s

running (0m38.0s), 001/150 VUs, 22791 complete and 0 interrupted iterations
single_api   [  63% ] 001/150 VUs  0m38.0s/1m0s  600.00 iters/s

running (0m39.0s), 000/150 VUs, 23391 complete and 0 interrupted iterations
single_api   [  65% ] 000/150 VUs  0m39.0s/1m0s  600.00 iters/s

running (0m40.0s), 001/150 VUs, 23991 complete and 0 interrupted iterations
single_api   [  67% ] 001/150 VUs  0m40.0s/1m0s  600.00 iters/s

running (0m41.0s), 001/150 VUs, 24591 complete and 0 interrupted iterations
single_api   [  68% ] 001/150 VUs  0m41.0s/1m0s  600.00 iters/s

running (0m42.0s), 001/150 VUs, 25191 complete and 0 interrupted iterations
single_api   [  70% ] 001/150 VUs  0m42.0s/1m0s  600.00 iters/s

running (0m43.0s), 001/150 VUs, 25791 complete and 0 interrupted iterations
single_api   [  72% ] 001/150 VUs  0m43.0s/1m0s  600.00 iters/s

running (0m44.0s), 001/150 VUs, 26391 complete and 0 interrupted iterations
single_api   [  73% ] 001/150 VUs  0m44.0s/1m0s  600.00 iters/s

running (0m45.0s), 000/150 VUs, 26991 complete and 0 interrupted iterations
single_api   [  75% ] 000/150 VUs  0m45.0s/1m0s  600.00 iters/s

running (0m46.0s), 001/150 VUs, 27591 complete and 0 interrupted iterations
single_api   [  77% ] 001/150 VUs  0m46.0s/1m0s  600.00 iters/s

running (0m47.0s), 001/150 VUs, 28191 complete and 0 interrupted iterations
single_api   [  78% ] 001/150 VUs  0m47.0s/1m0s  600.00 iters/s

running (0m48.0s), 001/150 VUs, 28791 complete and 0 interrupted iterations
single_api   [  80% ] 001/150 VUs  0m48.0s/1m0s  600.00 iters/s

running (0m49.0s), 001/150 VUs, 29391 complete and 0 interrupted iterations
single_api   [  82% ] 001/150 VUs  0m49.0s/1m0s  600.00 iters/s

running (0m50.0s), 001/150 VUs, 29991 complete and 0 interrupted iterations
single_api   [  83% ] 001/150 VUs  0m50.0s/1m0s  600.00 iters/s

running (0m51.0s), 001/150 VUs, 30591 complete and 0 interrupted iterations
single_api   [  85% ] 001/150 VUs  0m51.0s/1m0s  600.00 iters/s

running (0m52.0s), 001/150 VUs, 31191 complete and 0 interrupted iterations
single_api   [  87% ] 001/150 VUs  0m52.0s/1m0s  600.00 iters/s

running (0m53.0s), 001/150 VUs, 31791 complete and 0 interrupted iterations
single_api   [  88% ] 001/150 VUs  0m53.0s/1m0s  600.00 iters/s

running (0m54.0s), 001/150 VUs, 32391 complete and 0 interrupted iterations
single_api   [  90% ] 001/150 VUs  0m54.0s/1m0s  600.00 iters/s

running (0m55.0s), 000/150 VUs, 32991 complete and 0 interrupted iterations
single_api   [  92% ] 000/150 VUs  0m55.0s/1m0s  600.00 iters/s

running (0m56.0s), 001/150 VUs, 33591 complete and 0 interrupted iterations
single_api   [  93% ] 001/150 VUs  0m56.0s/1m0s  600.00 iters/s

running (0m57.0s), 001/150 VUs, 34191 complete and 0 interrupted iterations
single_api   [  95% ] 001/150 VUs  0m57.0s/1m0s  600.00 iters/s

running (0m58.0s), 001/150 VUs, 34791 complete and 0 interrupted iterations
single_api   [  97% ] 001/150 VUs  0m58.0s/1m0s  600.00 iters/s

running (0m59.0s), 000/150 VUs, 35391 complete and 0 interrupted iterations
single_api   [  98% ] 001/150 VUs  0m59.0s/1m0s  600.00 iters/s

running (1m00.0s), 001/150 VUs, 35991 complete and 0 interrupted iterations
single_api   [ 100% ] 001/150 VUs  1m00.0s/1m0s  600.00 iters/s


  █ THRESHOLDS 

    checks
    ✓ 'rate>0.95' rate=100.00%

    http_req_duration
    ✓ 'p(95)<1500' p(95)=1.03ms

    http_req_failed
    ✓ 'rate<0.05' rate=0.00%


  █ TOTAL RESULTS 

    checks_total.......: 36001   599.995401/s
    checks_succeeded...: 100.00% 36001 out of 36001
    checks_failed......: 0.00%   0 out of 36001

    ✓ market_rank_daily status

    HTTP
    http_req_duration..............: avg=792.4µs  min=331.5µs med=855.37µs max=5.19ms  p(90)=978.34µs p(95)=1.03ms
      { expected_response:true }...: avg=792.4µs  min=331.5µs med=855.37µs max=5.19ms  p(90)=978.34µs p(95)=1.03ms
    http_req_failed................: 0.00%  0 out of 36001
    http_reqs......................: 36001  599.995401/s

    EXECUTION
    iteration_duration.............: avg=939.05µs min=401.1µs med=1ms      max=11.33ms p(90)=1.15ms   p(95)=1.21ms
    iterations.....................: 36001  599.995401/s
    vus............................: 1      min=0          max=2  
    vus_max........................: 150    min=150        max=150

    NETWORK
    data_received..................: 35 MB  586 kB/s
    data_sent......................: 6.0 MB 101 kB/s




running (1m00.0s), 000/150 VUs, 36001 complete and 0 interrupted iterations
single_api ✓ [ 100% ] 000/150 VUs  1m0s  600.00 iters/s
