 Container rmqnamesrv Running 
 Container rmqbroker Running 
 Container RPA-redis Running 
 Container RPA-cadvisor Running 
 Container RPA-pgdb Running 
 Container RPA-minio Running 
 Container RPA-prometheus Running 
 Container RPA-app Running 
 Container script-k6-run-cbfeb8d0001b Creating 
 Container script-k6-run-cbfeb8d0001b Created 

         /\      Grafana   /‾‾/  
    /\  /  \     |\  __   /  /   
   /  \/    \    | |/ /  /   ‾‾\ 
  /          \   |   (  |  (‾)  |
 / __________ \  |_|\_\  \_____/ 


     execution: local
        script: /scripts/apis/market_app_download.js
        output: Prometheus remote write (http://prometheus:9090/api/v1/write)

     scenarios: (100.00%) 1 scenario, 200 max VUs, 1m30s max duration (incl. graceful stop):
              * single_api: 200.00 iterations/s for 1m0s (maxVUs: 150-200, exec: singleApi, gracefulStop: 30s)


running (0m01.0s), 001/150 VUs, 192 complete and 0 interrupted iterations
single_api   [   2% ] 001/150 VUs  0m01.0s/1m0s  200.00 iters/s

running (0m02.0s), 001/150 VUs, 392 complete and 0 interrupted iterations
single_api   [   3% ] 001/150 VUs  0m02.0s/1m0s  200.00 iters/s

running (0m03.0s), 000/150 VUs, 593 complete and 0 interrupted iterations
single_api   [   5% ] 000/150 VUs  0m03.0s/1m0s  200.00 iters/s

running (0m04.0s), 000/150 VUs, 793 complete and 0 interrupted iterations
single_api   [   7% ] 000/150 VUs  0m04.0s/1m0s  200.00 iters/s

running (0m05.0s), 000/150 VUs, 993 complete and 0 interrupted iterations
single_api   [   8% ] 000/150 VUs  0m05.0s/1m0s  200.00 iters/s

running (0m06.0s), 001/150 VUs, 1192 complete and 0 interrupted iterations
single_api   [  10% ] 001/150 VUs  0m06.0s/1m0s  200.00 iters/s

running (0m07.0s), 001/150 VUs, 1392 complete and 0 interrupted iterations
single_api   [  12% ] 001/150 VUs  0m07.0s/1m0s  200.00 iters/s

running (0m08.0s), 001/150 VUs, 1592 complete and 0 interrupted iterations
single_api   [  13% ] 001/150 VUs  0m08.0s/1m0s  200.00 iters/s

running (0m09.0s), 000/150 VUs, 1793 complete and 0 interrupted iterations
single_api   [  15% ] 000/150 VUs  0m09.0s/1m0s  200.00 iters/s

running (0m10.0s), 000/150 VUs, 1993 complete and 0 interrupted iterations
single_api   [  17% ] 000/150 VUs  0m10.0s/1m0s  200.00 iters/s

running (0m11.0s), 001/150 VUs, 2192 complete and 0 interrupted iterations
single_api   [  18% ] 001/150 VUs  0m11.0s/1m0s  200.00 iters/s

running (0m12.0s), 000/150 VUs, 2393 complete and 0 interrupted iterations
single_api   [  20% ] 000/150 VUs  0m12.0s/1m0s  200.00 iters/s

running (0m13.0s), 000/150 VUs, 2593 complete and 0 interrupted iterations
single_api   [  22% ] 000/150 VUs  0m13.0s/1m0s  200.00 iters/s

running (0m14.0s), 000/150 VUs, 2793 complete and 0 interrupted iterations
single_api   [  23% ] 000/150 VUs  0m14.0s/1m0s  200.00 iters/s

running (0m15.0s), 000/150 VUs, 2993 complete and 0 interrupted iterations
single_api   [  25% ] 000/150 VUs  0m15.0s/1m0s  200.00 iters/s

running (0m16.0s), 001/150 VUs, 3192 complete and 0 interrupted iterations
single_api   [  27% ] 001/150 VUs  0m16.0s/1m0s  200.00 iters/s

running (0m17.0s), 001/150 VUs, 3392 complete and 0 interrupted iterations
single_api   [  28% ] 001/150 VUs  0m17.0s/1m0s  200.00 iters/s

running (0m18.0s), 000/150 VUs, 3593 complete and 0 interrupted iterations
single_api   [  30% ] 000/150 VUs  0m18.0s/1m0s  200.00 iters/s

running (0m19.0s), 001/150 VUs, 3792 complete and 0 interrupted iterations
single_api   [  32% ] 001/150 VUs  0m19.0s/1m0s  200.00 iters/s

running (0m20.0s), 001/150 VUs, 3992 complete and 0 interrupted iterations
single_api   [  33% ] 001/150 VUs  0m20.0s/1m0s  200.00 iters/s

running (0m21.0s), 001/150 VUs, 4192 complete and 0 interrupted iterations
single_api   [  35% ] 001/150 VUs  0m21.0s/1m0s  200.00 iters/s

running (0m22.0s), 000/150 VUs, 4393 complete and 0 interrupted iterations
single_api   [  37% ] 000/150 VUs  0m22.0s/1m0s  200.00 iters/s

running (0m23.0s), 000/150 VUs, 4593 complete and 0 interrupted iterations
single_api   [  38% ] 000/150 VUs  0m23.0s/1m0s  200.00 iters/s

running (0m24.0s), 000/150 VUs, 4793 complete and 0 interrupted iterations
single_api   [  40% ] 000/150 VUs  0m24.0s/1m0s  200.00 iters/s

running (0m25.0s), 001/150 VUs, 4992 complete and 0 interrupted iterations
single_api   [  42% ] 001/150 VUs  0m25.0s/1m0s  200.00 iters/s

running (0m26.0s), 000/150 VUs, 5193 complete and 0 interrupted iterations
single_api   [  43% ] 000/150 VUs  0m26.0s/1m0s  200.00 iters/s

running (0m27.0s), 000/150 VUs, 5393 complete and 0 interrupted iterations
single_api   [  45% ] 000/150 VUs  0m27.0s/1m0s  200.00 iters/s

running (0m28.0s), 000/150 VUs, 5593 complete and 0 interrupted iterations
single_api   [  47% ] 000/150 VUs  0m28.0s/1m0s  200.00 iters/s

running (0m29.0s), 001/150 VUs, 5792 complete and 0 interrupted iterations
single_api   [  48% ] 001/150 VUs  0m29.0s/1m0s  200.00 iters/s

running (0m30.0s), 000/150 VUs, 5993 complete and 0 interrupted iterations
single_api   [  50% ] 000/150 VUs  0m30.0s/1m0s  200.00 iters/s

running (0m31.0s), 000/150 VUs, 6193 complete and 0 interrupted iterations
single_api   [  52% ] 000/150 VUs  0m31.0s/1m0s  200.00 iters/s

running (0m32.0s), 001/150 VUs, 6392 complete and 0 interrupted iterations
single_api   [  53% ] 001/150 VUs  0m32.0s/1m0s  200.00 iters/s

running (0m33.0s), 000/150 VUs, 6593 complete and 0 interrupted iterations
single_api   [  55% ] 000/150 VUs  0m33.0s/1m0s  200.00 iters/s

running (0m34.0s), 000/150 VUs, 6793 complete and 0 interrupted iterations
single_api   [  57% ] 000/150 VUs  0m34.0s/1m0s  200.00 iters/s

running (0m35.0s), 000/150 VUs, 6993 complete and 0 interrupted iterations
single_api   [  58% ] 000/150 VUs  0m35.0s/1m0s  200.00 iters/s

running (0m36.0s), 000/150 VUs, 7193 complete and 0 interrupted iterations
single_api   [  60% ] 000/150 VUs  0m36.0s/1m0s  200.00 iters/s

running (0m37.0s), 000/150 VUs, 7393 complete and 0 interrupted iterations
single_api   [  62% ] 000/150 VUs  0m37.0s/1m0s  200.00 iters/s

running (0m38.0s), 000/150 VUs, 7593 complete and 0 interrupted iterations
single_api   [  63% ] 000/150 VUs  0m38.0s/1m0s  200.00 iters/s

running (0m39.0s), 000/150 VUs, 7793 complete and 0 interrupted iterations
single_api   [  65% ] 000/150 VUs  0m39.0s/1m0s  200.00 iters/s

running (0m40.0s), 000/150 VUs, 7993 complete and 0 interrupted iterations
single_api   [  67% ] 000/150 VUs  0m40.0s/1m0s  200.00 iters/s

running (0m41.0s), 000/150 VUs, 8193 complete and 0 interrupted iterations
single_api   [  68% ] 000/150 VUs  0m41.0s/1m0s  200.00 iters/s

running (0m42.0s), 001/150 VUs, 8392 complete and 0 interrupted iterations
single_api   [  70% ] 001/150 VUs  0m42.0s/1m0s  200.00 iters/s

running (0m43.0s), 001/150 VUs, 8592 complete and 0 interrupted iterations
single_api   [  72% ] 001/150 VUs  0m43.0s/1m0s  200.00 iters/s

running (0m44.0s), 000/150 VUs, 8793 complete and 0 interrupted iterations
single_api   [  73% ] 000/150 VUs  0m44.0s/1m0s  200.00 iters/s

running (0m45.0s), 001/150 VUs, 8992 complete and 0 interrupted iterations
single_api   [  75% ] 001/150 VUs  0m45.0s/1m0s  200.00 iters/s

running (0m46.0s), 001/150 VUs, 9192 complete and 0 interrupted iterations
single_api   [  77% ] 001/150 VUs  0m46.0s/1m0s  200.00 iters/s

running (0m47.0s), 000/150 VUs, 9393 complete and 0 interrupted iterations
single_api   [  78% ] 000/150 VUs  0m47.0s/1m0s  200.00 iters/s

running (0m48.0s), 001/150 VUs, 9592 complete and 0 interrupted iterations
single_api   [  80% ] 001/150 VUs  0m48.0s/1m0s  200.00 iters/s

running (0m49.0s), 000/150 VUs, 9793 complete and 0 interrupted iterations
single_api   [  82% ] 000/150 VUs  0m49.0s/1m0s  200.00 iters/s

running (0m50.0s), 000/150 VUs, 9993 complete and 0 interrupted iterations
single_api   [  83% ] 000/150 VUs  0m50.0s/1m0s  200.00 iters/s

running (0m51.0s), 001/150 VUs, 10192 complete and 0 interrupted iterations
single_api   [  85% ] 001/150 VUs  0m51.0s/1m0s  200.00 iters/s

running (0m52.0s), 000/150 VUs, 10393 complete and 0 interrupted iterations
single_api   [  87% ] 000/150 VUs  0m52.0s/1m0s  200.00 iters/s

running (0m53.0s), 000/150 VUs, 10593 complete and 0 interrupted iterations
single_api   [  88% ] 000/150 VUs  0m53.0s/1m0s  200.00 iters/s

running (0m54.0s), 000/150 VUs, 10793 complete and 0 interrupted iterations
single_api   [  90% ] 000/150 VUs  0m54.0s/1m0s  200.00 iters/s

running (0m55.0s), 000/150 VUs, 10993 complete and 0 interrupted iterations
single_api   [  92% ] 000/150 VUs  0m55.0s/1m0s  200.00 iters/s

running (0m56.0s), 001/150 VUs, 11192 complete and 0 interrupted iterations
single_api   [  93% ] 001/150 VUs  0m56.0s/1m0s  200.00 iters/s

running (0m57.0s), 000/150 VUs, 11393 complete and 0 interrupted iterations
single_api   [  95% ] 000/150 VUs  0m57.0s/1m0s  200.00 iters/s

running (0m58.0s), 001/150 VUs, 11592 complete and 0 interrupted iterations
single_api   [  97% ] 001/150 VUs  0m58.0s/1m0s  200.00 iters/s

running (0m59.0s), 001/150 VUs, 11792 complete and 0 interrupted iterations
single_api   [  98% ] 001/150 VUs  0m59.0s/1m0s  200.00 iters/s

running (1m00.0s), 000/150 VUs, 11993 complete and 0 interrupted iterations
single_api   [ 100% ] 000/150 VUs  1m00.0s/1m0s  200.00 iters/s


  █ THRESHOLDS 

    checks
    ✓ 'rate>0.95' rate=100.00%

    http_req_duration
    ✓ 'p(95)<1500' p(95)=3.61ms

    http_req_failed
    ✓ 'rate<0.05' rate=0.00%


  █ TOTAL RESULTS 

    checks_total.......: 12001   199.953521/s
    checks_succeeded...: 100.00% 12001 out of 12001
    checks_failed......: 0.00%   0 out of 12001

    ✓ market_app_create_seed status
    ✓ market_app_download status

    HTTP
    http_req_duration..............: avg=3.07ms min=2.23ms med=3.03ms max=62.36ms p(90)=3.39ms p(95)=3.61ms
      { expected_response:true }...: avg=3.07ms min=2.23ms med=3.03ms max=62.36ms p(90)=3.39ms p(95)=3.61ms
    http_req_failed................: 0.00%  0 out of 12001
    http_reqs......................: 12001  199.953521/s

    EXECUTION
    iteration_duration.............: avg=3.25ms min=2.33ms med=3.21ms max=62.49ms p(90)=3.6ms  p(95)=3.87ms
    iterations.....................: 12000  199.936859/s
    vus............................: 0      min=0          max=1  
    vus_max........................: 150    min=150        max=150

    NETWORK
    data_received..................: 13 MB  224 kB/s
    data_sent......................: 2.3 MB 38 kB/s




running (1m00.0s), 000/150 VUs, 12000 complete and 0 interrupted iterations
single_api ✓ [ 100% ] 000/150 VUs  1m0s  200.00 iters/s
