 Container RPA-cadvisor Running 
 Container RPA-pgdb Running 
 Container RPA-prometheus Running 
 Container RPA-redis Running 
 Container RPA-minio Running 
 Container rmqnamesrv Running 
 Container rmqbroker Running 
 Container RPA-app Running 
 Container script-k6-run-41e10b42590d Creating 
 Container script-k6-run-41e10b42590d Created 

         /\      Grafana   /‾‾/  
    /\  /  \     |\  __   /  /   
   /  \/    \    | |/ /  /   ‾‾\ 
  /          \   |   (  |  (‾)  |
 / __________ \  |_|\_\  \_____/ 


     execution: local
        script: /scripts/apis/market_app_update.js
        output: Prometheus remote write (http://prometheus:9090/api/v1/write)

     scenarios: (100.00%) 1 scenario, 160 max VUs, 1m30s max duration (incl. graceful stop):
              * single_api: 80.00 iterations/s for 1m0s (maxVUs: 80-160, exec: singleApi, gracefulStop: 30s)


running (0m01.0s), 001/080 VUs, 77 complete and 0 interrupted iterations
single_api   [   2% ] 001/080 VUs  0m01.0s/1m0s  80.00 iters/s

running (0m02.0s), 000/080 VUs, 158 complete and 0 interrupted iterations
single_api   [   3% ] 000/080 VUs  0m02.0s/1m0s  80.00 iters/s

running (0m03.0s), 000/080 VUs, 238 complete and 0 interrupted iterations
single_api   [   5% ] 000/080 VUs  0m03.0s/1m0s  80.00 iters/s

running (0m04.0s), 000/080 VUs, 318 complete and 0 interrupted iterations
single_api   [   7% ] 000/080 VUs  0m04.0s/1m0s  80.00 iters/s

running (0m05.0s), 000/080 VUs, 398 complete and 0 interrupted iterations
single_api   [   8% ] 000/080 VUs  0m05.0s/1m0s  80.00 iters/s

running (0m06.0s), 000/080 VUs, 478 complete and 0 interrupted iterations
single_api   [  10% ] 000/080 VUs  0m06.0s/1m0s  80.00 iters/s

running (0m07.0s), 000/080 VUs, 558 complete and 0 interrupted iterations
single_api   [  12% ] 000/080 VUs  0m07.0s/1m0s  80.00 iters/s

running (0m08.0s), 000/080 VUs, 638 complete and 0 interrupted iterations
single_api   [  13% ] 000/080 VUs  0m08.0s/1m0s  80.00 iters/s

running (0m09.0s), 000/080 VUs, 718 complete and 0 interrupted iterations
single_api   [  15% ] 000/080 VUs  0m09.0s/1m0s  80.00 iters/s

running (0m10.0s), 000/080 VUs, 798 complete and 0 interrupted iterations
single_api   [  17% ] 000/080 VUs  0m10.0s/1m0s  80.00 iters/s

running (0m11.0s), 001/080 VUs, 877 complete and 0 interrupted iterations
single_api   [  18% ] 001/080 VUs  0m11.0s/1m0s  80.00 iters/s

running (0m12.0s), 000/080 VUs, 958 complete and 0 interrupted iterations
single_api   [  20% ] 000/080 VUs  0m12.0s/1m0s  80.00 iters/s

running (0m13.0s), 000/080 VUs, 1038 complete and 0 interrupted iterations
single_api   [  22% ] 000/080 VUs  0m13.0s/1m0s  80.00 iters/s

running (0m14.0s), 000/080 VUs, 1118 complete and 0 interrupted iterations
single_api   [  23% ] 000/080 VUs  0m14.0s/1m0s  80.00 iters/s

running (0m15.0s), 000/080 VUs, 1198 complete and 0 interrupted iterations
single_api   [  25% ] 000/080 VUs  0m15.0s/1m0s  80.00 iters/s

running (0m16.0s), 000/080 VUs, 1278 complete and 0 interrupted iterations
single_api   [  27% ] 000/080 VUs  0m16.0s/1m0s  80.00 iters/s

running (0m17.0s), 000/080 VUs, 1358 complete and 0 interrupted iterations
single_api   [  28% ] 000/080 VUs  0m17.0s/1m0s  80.00 iters/s

running (0m18.0s), 000/080 VUs, 1438 complete and 0 interrupted iterations
single_api   [  30% ] 000/080 VUs  0m18.0s/1m0s  80.00 iters/s

running (0m19.0s), 000/080 VUs, 1518 complete and 0 interrupted iterations
single_api   [  32% ] 000/080 VUs  0m19.0s/1m0s  80.00 iters/s

running (0m20.0s), 000/080 VUs, 1598 complete and 0 interrupted iterations
single_api   [  33% ] 000/080 VUs  0m20.0s/1m0s  80.00 iters/s

running (0m21.0s), 001/080 VUs, 1677 complete and 0 interrupted iterations
single_api   [  35% ] 001/080 VUs  0m21.0s/1m0s  80.00 iters/s

running (0m22.0s), 000/080 VUs, 1758 complete and 0 interrupted iterations
single_api   [  37% ] 000/080 VUs  0m22.0s/1m0s  80.00 iters/s

running (0m23.0s), 000/080 VUs, 1838 complete and 0 interrupted iterations
single_api   [  38% ] 000/080 VUs  0m23.0s/1m0s  80.00 iters/s

running (0m24.0s), 000/080 VUs, 1918 complete and 0 interrupted iterations
single_api   [  40% ] 000/080 VUs  0m24.0s/1m0s  80.00 iters/s

running (0m25.0s), 000/080 VUs, 1998 complete and 0 interrupted iterations
single_api   [  42% ] 000/080 VUs  0m25.0s/1m0s  80.00 iters/s

running (0m26.0s), 000/080 VUs, 2078 complete and 0 interrupted iterations
single_api   [  43% ] 000/080 VUs  0m26.0s/1m0s  80.00 iters/s

running (0m27.0s), 000/080 VUs, 2158 complete and 0 interrupted iterations
single_api   [  45% ] 000/080 VUs  0m27.0s/1m0s  80.00 iters/s

running (0m28.0s), 000/080 VUs, 2238 complete and 0 interrupted iterations
single_api   [  47% ] 000/080 VUs  0m28.0s/1m0s  80.00 iters/s

running (0m29.0s), 000/080 VUs, 2318 complete and 0 interrupted iterations
single_api   [  48% ] 000/080 VUs  0m29.0s/1m0s  80.00 iters/s

running (0m30.0s), 000/080 VUs, 2398 complete and 0 interrupted iterations
single_api   [  50% ] 000/080 VUs  0m30.0s/1m0s  80.00 iters/s

running (0m31.0s), 001/080 VUs, 2477 complete and 0 interrupted iterations
single_api   [  52% ] 001/080 VUs  0m31.0s/1m0s  80.00 iters/s

running (0m32.0s), 000/080 VUs, 2558 complete and 0 interrupted iterations
single_api   [  53% ] 000/080 VUs  0m32.0s/1m0s  80.00 iters/s

running (0m33.0s), 000/080 VUs, 2638 complete and 0 interrupted iterations
single_api   [  55% ] 000/080 VUs  0m33.0s/1m0s  80.00 iters/s

running (0m34.0s), 000/080 VUs, 2718 complete and 0 interrupted iterations
single_api   [  57% ] 000/080 VUs  0m34.0s/1m0s  80.00 iters/s

running (0m35.0s), 000/080 VUs, 2798 complete and 0 interrupted iterations
single_api   [  58% ] 000/080 VUs  0m35.0s/1m0s  80.00 iters/s

running (0m36.0s), 000/080 VUs, 2878 complete and 0 interrupted iterations
single_api   [  60% ] 000/080 VUs  0m36.0s/1m0s  80.00 iters/s

running (0m37.0s), 000/080 VUs, 2958 complete and 0 interrupted iterations
single_api   [  62% ] 000/080 VUs  0m37.0s/1m0s  80.00 iters/s

running (0m38.0s), 000/080 VUs, 3038 complete and 0 interrupted iterations
single_api   [  63% ] 000/080 VUs  0m38.0s/1m0s  80.00 iters/s

running (0m39.0s), 000/080 VUs, 3118 complete and 0 interrupted iterations
single_api   [  65% ] 000/080 VUs  0m39.0s/1m0s  80.00 iters/s

running (0m40.0s), 000/080 VUs, 3198 complete and 0 interrupted iterations
single_api   [  67% ] 000/080 VUs  0m40.0s/1m0s  80.00 iters/s

running (0m41.0s), 001/080 VUs, 3277 complete and 0 interrupted iterations
single_api   [  68% ] 001/080 VUs  0m41.0s/1m0s  80.00 iters/s

running (0m42.0s), 000/080 VUs, 3358 complete and 0 interrupted iterations
single_api   [  70% ] 000/080 VUs  0m42.0s/1m0s  80.00 iters/s

running (0m43.0s), 000/080 VUs, 3438 complete and 0 interrupted iterations
single_api   [  72% ] 000/080 VUs  0m43.0s/1m0s  80.00 iters/s

running (0m44.0s), 000/080 VUs, 3518 complete and 0 interrupted iterations
single_api   [  73% ] 000/080 VUs  0m44.0s/1m0s  80.00 iters/s

running (0m45.0s), 000/080 VUs, 3598 complete and 0 interrupted iterations
single_api   [  75% ] 000/080 VUs  0m45.0s/1m0s  80.00 iters/s

running (0m46.0s), 000/080 VUs, 3678 complete and 0 interrupted iterations
single_api   [  77% ] 000/080 VUs  0m46.0s/1m0s  80.00 iters/s

running (0m47.0s), 000/080 VUs, 3758 complete and 0 interrupted iterations
single_api   [  78% ] 000/080 VUs  0m47.0s/1m0s  80.00 iters/s

running (0m48.0s), 000/080 VUs, 3838 complete and 0 interrupted iterations
single_api   [  80% ] 000/080 VUs  0m48.0s/1m0s  80.00 iters/s

running (0m49.0s), 000/080 VUs, 3918 complete and 0 interrupted iterations
single_api   [  82% ] 000/080 VUs  0m49.0s/1m0s  80.00 iters/s

running (0m50.0s), 000/080 VUs, 3998 complete and 0 interrupted iterations
single_api   [  83% ] 000/080 VUs  0m50.0s/1m0s  80.00 iters/s

running (0m51.0s), 001/080 VUs, 4077 complete and 0 interrupted iterations
single_api   [  85% ] 001/080 VUs  0m51.0s/1m0s  80.00 iters/s

running (0m52.0s), 000/080 VUs, 4158 complete and 0 interrupted iterations
single_api   [  87% ] 000/080 VUs  0m52.0s/1m0s  80.00 iters/s

running (0m53.0s), 000/080 VUs, 4238 complete and 0 interrupted iterations
single_api   [  88% ] 000/080 VUs  0m53.0s/1m0s  80.00 iters/s

running (0m54.0s), 000/080 VUs, 4318 complete and 0 interrupted iterations
single_api   [  90% ] 000/080 VUs  0m54.0s/1m0s  80.00 iters/s

running (0m55.0s), 000/080 VUs, 4398 complete and 0 interrupted iterations
single_api   [  92% ] 000/080 VUs  0m55.0s/1m0s  80.00 iters/s

running (0m56.0s), 001/080 VUs, 4477 complete and 0 interrupted iterations
single_api   [  93% ] 001/080 VUs  0m56.0s/1m0s  80.00 iters/s

running (0m57.0s), 001/080 VUs, 4557 complete and 0 interrupted iterations
single_api   [  95% ] 001/080 VUs  0m57.0s/1m0s  80.00 iters/s

running (0m58.0s), 001/080 VUs, 4637 complete and 0 interrupted iterations
single_api   [  97% ] 001/080 VUs  0m58.0s/1m0s  80.00 iters/s

running (0m59.0s), 000/080 VUs, 4718 complete and 0 interrupted iterations
single_api   [  98% ] 000/080 VUs  0m59.0s/1m0s  80.00 iters/s

running (1m00.0s), 000/080 VUs, 4798 complete and 0 interrupted iterations
single_api   [ 100% ] 000/080 VUs  1m00.0s/1m0s  80.00 iters/s


  █ THRESHOLDS 

    checks
    ✓ 'rate>0.95' rate=100.00%

    http_req_duration
    ✓ 'p(95)<1500' p(95)=4.5ms

    http_req_failed
    ✓ 'rate<0.05' rate=0.00%


  █ TOTAL RESULTS 

    checks_total.......: 4802    80.003438/s
    checks_succeeded...: 100.00% 4802 out of 4802
    checks_failed......: 0.00%   0 out of 4802

    ✓ market_app_create_seed status
    ✓ market_app_update status

    HTTP
    http_req_duration..............: avg=3.69ms min=2.58ms med=3.74ms max=15.7ms  p(90)=4.3ms p(95)=4.5ms 
      { expected_response:true }...: avg=3.69ms min=2.58ms med=3.74ms max=15.7ms  p(90)=4.3ms p(95)=4.5ms 
    http_req_failed................: 0.00%  0 out of 4802
    http_reqs......................: 4802   80.003438/s

    EXECUTION
    iteration_duration.............: avg=3.93ms min=2.73ms med=3.99ms max=10.62ms p(90)=4.6ms p(95)=4.85ms
    iterations.....................: 4801   79.986778/s
    vus............................: 0      min=0         max=1 
    vus_max........................: 80     min=80        max=80

    NETWORK
    data_received..................: 4.5 MB 76 kB/s
    data_sent......................: 1.6 MB 27 kB/s




running (1m00.0s), 000/080 VUs, 4801 complete and 0 interrupted iterations
single_api ✓ [ 100% ] 000/080 VUs  1m0s  80.00 iters/s
