 Container RPA-minio Running 
 Container RPA-cadvisor Running 
 Container RPA-redis Running 
 Container RPA-pgdb Running 
 Container rmqnamesrv Running 
 Container RPA-prometheus Running 
 Container rmqbroker Running 
 Container RPA-app Running 
 Container script-k6-run-32d2c5c518f6 Creating 
 Container script-k6-run-32d2c5c518f6 Created 

         /\      Grafana   /‾‾/  
    /\  /  \     |\  __   /  /   
   /  \/    \    | |/ /  /   ‾‾\ 
  /          \   |   (  |  (‾)  |
 / __________ \  |_|\_\  \_____/ 


     execution: local
        script: /scripts/apis/market_rank_total.js
        output: Prometheus remote write (http://prometheus:9090/api/v1/write)

     scenarios: (100.00%) 1 scenario, 200 max VUs, 1m30s max duration (incl. graceful stop):
              * single_api: 600.00 iterations/s for 1m0s (maxVUs: 150-200, exec: singleApi, gracefulStop: 30s)


running (0m01.0s), 001/150 VUs, 591 complete and 0 interrupted iterations
single_api   [   2% ] 001/150 VUs  0m01.0s/1m0s  600.00 iters/s

running (0m02.0s), 001/150 VUs, 1190 complete and 0 interrupted iterations
single_api   [   3% ] 001/150 VUs  0m02.0s/1m0s  600.00 iters/s

running (0m03.0s), 000/150 VUs, 1791 complete and 0 interrupted iterations
single_api   [   5% ] 000/150 VUs  0m03.0s/1m0s  600.00 iters/s

running (0m04.0s), 000/150 VUs, 2391 complete and 0 interrupted iterations
single_api   [   7% ] 001/150 VUs  0m04.0s/1m0s  600.00 iters/s

running (0m05.0s), 001/150 VUs, 2990 complete and 0 interrupted iterations
single_api   [   8% ] 001/150 VUs  0m05.0s/1m0s  600.00 iters/s

running (0m06.0s), 001/150 VUs, 3590 complete and 0 interrupted iterations
single_api   [  10% ] 001/150 VUs  0m06.0s/1m0s  600.00 iters/s

running (0m07.0s), 000/150 VUs, 4191 complete and 0 interrupted iterations
single_api   [  12% ] 000/150 VUs  0m07.0s/1m0s  600.00 iters/s

running (0m08.0s), 000/150 VUs, 4791 complete and 0 interrupted iterations
single_api   [  13% ] 000/150 VUs  0m08.0s/1m0s  600.00 iters/s

running (0m09.0s), 001/150 VUs, 5391 complete and 0 interrupted iterations
single_api   [  15% ] 001/150 VUs  0m09.0s/1m0s  600.00 iters/s

running (0m10.0s), 001/150 VUs, 5991 complete and 0 interrupted iterations
single_api   [  17% ] 001/150 VUs  0m10.0s/1m0s  600.00 iters/s

running (0m11.0s), 001/150 VUs, 6590 complete and 0 interrupted iterations
single_api   [  18% ] 001/150 VUs  0m11.0s/1m0s  600.00 iters/s

running (0m12.0s), 001/150 VUs, 7190 complete and 0 interrupted iterations
single_api   [  20% ] 001/150 VUs  0m12.0s/1m0s  600.00 iters/s

running (0m13.0s), 000/150 VUs, 7791 complete and 0 interrupted iterations
single_api   [  22% ] 000/150 VUs  0m13.0s/1m0s  600.00 iters/s

running (0m14.0s), 001/150 VUs, 8390 complete and 0 interrupted iterations
single_api   [  23% ] 001/150 VUs  0m14.0s/1m0s  600.00 iters/s

running (0m15.0s), 001/150 VUs, 8990 complete and 0 interrupted iterations
single_api   [  25% ] 001/150 VUs  0m15.0s/1m0s  600.00 iters/s

running (0m16.0s), 000/150 VUs, 9591 complete and 0 interrupted iterations
single_api   [  27% ] 000/150 VUs  0m16.0s/1m0s  600.00 iters/s

running (0m17.0s), 001/150 VUs, 10191 complete and 0 interrupted iterations
single_api   [  28% ] 001/150 VUs  0m17.0s/1m0s  600.00 iters/s

running (0m18.0s), 002/150 VUs, 10790 complete and 0 interrupted iterations
single_api   [  30% ] 002/150 VUs  0m18.0s/1m0s  600.00 iters/s

running (0m19.0s), 001/150 VUs, 11390 complete and 0 interrupted iterations
single_api   [  32% ] 001/150 VUs  0m19.0s/1m0s  600.00 iters/s

running (0m20.0s), 001/150 VUs, 11990 complete and 0 interrupted iterations
single_api   [  33% ] 001/150 VUs  0m20.0s/1m0s  600.00 iters/s

running (0m21.0s), 001/150 VUs, 12590 complete and 0 interrupted iterations
single_api   [  35% ] 001/150 VUs  0m21.0s/1m0s  600.00 iters/s

running (0m22.0s), 002/150 VUs, 13190 complete and 0 interrupted iterations
single_api   [  37% ] 002/150 VUs  0m22.0s/1m0s  600.00 iters/s

running (0m23.0s), 002/150 VUs, 13790 complete and 0 interrupted iterations
single_api   [  38% ] 002/150 VUs  0m23.0s/1m0s  600.00 iters/s

running (0m24.0s), 001/150 VUs, 14391 complete and 0 interrupted iterations
single_api   [  40% ] 001/150 VUs  0m24.0s/1m0s  600.00 iters/s

running (0m25.0s), 000/150 VUs, 14991 complete and 0 interrupted iterations
single_api   [  42% ] 000/150 VUs  0m25.0s/1m0s  600.00 iters/s

running (0m26.0s), 002/150 VUs, 15590 complete and 0 interrupted iterations
single_api   [  43% ] 002/150 VUs  0m26.0s/1m0s  600.00 iters/s

running (0m27.0s), 002/150 VUs, 16190 complete and 0 interrupted iterations
single_api   [  45% ] 002/150 VUs  0m27.0s/1m0s  600.00 iters/s

running (0m28.0s), 001/150 VUs, 16791 complete and 0 interrupted iterations
single_api   [  47% ] 001/150 VUs  0m28.0s/1m0s  600.00 iters/s

running (0m29.0s), 001/150 VUs, 17390 complete and 0 interrupted iterations
single_api   [  48% ] 001/150 VUs  0m29.0s/1m0s  600.00 iters/s

running (0m30.0s), 001/150 VUs, 17991 complete and 0 interrupted iterations
single_api   [  50% ] 001/150 VUs  0m30.0s/1m0s  600.00 iters/s

running (0m31.0s), 001/150 VUs, 18591 complete and 0 interrupted iterations
single_api   [  52% ] 001/150 VUs  0m31.0s/1m0s  600.00 iters/s

running (0m32.0s), 002/150 VUs, 19190 complete and 0 interrupted iterations
single_api   [  53% ] 002/150 VUs  0m32.0s/1m0s  600.00 iters/s

running (0m33.0s), 002/150 VUs, 19790 complete and 0 interrupted iterations
single_api   [  55% ] 002/150 VUs  0m33.0s/1m0s  600.00 iters/s

running (0m34.0s), 002/150 VUs, 20390 complete and 0 interrupted iterations
single_api   [  57% ] 002/150 VUs  0m34.0s/1m0s  600.00 iters/s

running (0m35.0s), 000/150 VUs, 20991 complete and 0 interrupted iterations
single_api   [  58% ] 000/150 VUs  0m35.0s/1m0s  600.00 iters/s

running (0m36.0s), 001/150 VUs, 21591 complete and 0 interrupted iterations
single_api   [  60% ] 001/150 VUs  0m36.0s/1m0s  600.00 iters/s

running (0m37.0s), 001/150 VUs, 22190 complete and 0 interrupted iterations
single_api   [  62% ] 001/150 VUs  0m37.0s/1m0s  600.00 iters/s

running (0m38.0s), 001/150 VUs, 22790 complete and 0 interrupted iterations
single_api   [  63% ] 001/150 VUs  0m38.0s/1m0s  600.00 iters/s

running (0m39.0s), 001/150 VUs, 23390 complete and 0 interrupted iterations
single_api   [  65% ] 001/150 VUs  0m39.0s/1m0s  600.00 iters/s

running (0m40.0s), 002/150 VUs, 23990 complete and 0 interrupted iterations
single_api   [  67% ] 002/150 VUs  0m40.0s/1m0s  600.00 iters/s

running (0m41.0s), 001/150 VUs, 24591 complete and 0 interrupted iterations
single_api   [  68% ] 001/150 VUs  0m41.0s/1m0s  600.00 iters/s

running (0m42.0s), 000/150 VUs, 25191 complete and 0 interrupted iterations
single_api   [  70% ] 000/150 VUs  0m42.0s/1m0s  600.00 iters/s

running (0m43.0s), 001/150 VUs, 25790 complete and 0 interrupted iterations
single_api   [  72% ] 001/150 VUs  0m43.0s/1m0s  600.00 iters/s

running (0m44.0s), 002/150 VUs, 26390 complete and 0 interrupted iterations
single_api   [  73% ] 002/150 VUs  0m44.0s/1m0s  600.00 iters/s

running (0m45.0s), 001/150 VUs, 26990 complete and 0 interrupted iterations
single_api   [  75% ] 001/150 VUs  0m45.0s/1m0s  600.00 iters/s

running (0m46.0s), 001/150 VUs, 27591 complete and 0 interrupted iterations
single_api   [  77% ] 001/150 VUs  0m46.0s/1m0s  600.00 iters/s

running (0m47.0s), 002/150 VUs, 28190 complete and 0 interrupted iterations
single_api   [  78% ] 002/150 VUs  0m47.0s/1m0s  600.00 iters/s

running (0m48.0s), 001/150 VUs, 28791 complete and 0 interrupted iterations
single_api   [  80% ] 001/150 VUs  0m48.0s/1m0s  600.00 iters/s

running (0m49.0s), 000/150 VUs, 29391 complete and 0 interrupted iterations
single_api   [  82% ] 000/150 VUs  0m49.0s/1m0s  600.00 iters/s

running (0m50.0s), 002/150 VUs, 29990 complete and 0 interrupted iterations
single_api   [  83% ] 002/150 VUs  0m50.0s/1m0s  600.00 iters/s

running (0m51.0s), 001/150 VUs, 30590 complete and 0 interrupted iterations
single_api   [  85% ] 002/150 VUs  0m51.0s/1m0s  600.00 iters/s

running (0m52.0s), 000/150 VUs, 31191 complete and 0 interrupted iterations
single_api   [  87% ] 000/150 VUs  0m52.0s/1m0s  600.00 iters/s

running (0m53.0s), 002/150 VUs, 31790 complete and 0 interrupted iterations
single_api   [  88% ] 002/150 VUs  0m53.0s/1m0s  600.00 iters/s

running (0m54.0s), 001/150 VUs, 32391 complete and 0 interrupted iterations
single_api   [  90% ] 001/150 VUs  0m54.0s/1m0s  600.00 iters/s

running (0m55.0s), 001/150 VUs, 32991 complete and 0 interrupted iterations
single_api   [  92% ] 001/150 VUs  0m55.0s/1m0s  600.00 iters/s

running (0m56.0s), 001/150 VUs, 33590 complete and 0 interrupted iterations
single_api   [  93% ] 001/150 VUs  0m56.0s/1m0s  600.00 iters/s

running (0m57.0s), 000/150 VUs, 34191 complete and 0 interrupted iterations
single_api   [  95% ] 000/150 VUs  0m57.0s/1m0s  600.00 iters/s

running (0m58.0s), 000/150 VUs, 34791 complete and 0 interrupted iterations
single_api   [  97% ] 000/150 VUs  0m58.0s/1m0s  600.00 iters/s

running (0m59.0s), 000/150 VUs, 35391 complete and 0 interrupted iterations
single_api   [  98% ] 000/150 VUs  0m59.0s/1m0s  600.00 iters/s

running (1m00.0s), 000/150 VUs, 35991 complete and 0 interrupted iterations
single_api   [ 100% ] 000/150 VUs  1m00.0s/1m0s  600.00 iters/s


  █ THRESHOLDS 

    checks
    ✓ 'rate>0.95' rate=100.00%

    http_req_duration
    ✓ 'p(95)<1500' p(95)=1.07ms

    http_req_failed
    ✓ 'rate<0.05' rate=0.00%


  █ TOTAL RESULTS 

    checks_total.......: 36001   599.999634/s
    checks_succeeded...: 100.00% 36001 out of 36001
    checks_failed......: 0.00%   0 out of 36001

    ✓ market_rank_total status

    HTTP
    http_req_duration..............: avg=788.16µs min=329.63µs med=866.11µs max=4.38ms  p(90)=1.02ms p(95)=1.07ms
      { expected_response:true }...: avg=788.16µs min=329.63µs med=866.11µs max=4.38ms  p(90)=1.02ms p(95)=1.07ms
    http_req_failed................: 0.00%  0 out of 36001
    http_reqs......................: 36001  599.999634/s

    EXECUTION
    iteration_duration.............: avg=927.25µs min=388.77µs med=1ms      max=14.66ms p(90)=1.18ms p(95)=1.24ms
    iterations.....................: 36001  599.999634/s
    vus............................: 0      min=0          max=2  
    vus_max........................: 150    min=150        max=150

    NETWORK
    data_received..................: 63 MB  1.0 MB/s
    data_sent......................: 6.0 MB 101 kB/s




running (1m00.0s), 000/150 VUs, 36001 complete and 0 interrupted iterations
single_api ✓ [ 100% ] 000/150 VUs  1m0s  600.00 iters/s
