 Container rmqnamesrv Running 
 Container rmqbroker Running 
 Container RPA-cadvisor Running 
 Container RPA-pgdb Running 
 Container RPA-redis Running 
 Container RPA-prometheus Running 
 Container RPA-minio Running 
 Container RPA-app Running 
 Container script-k6-run-d4700bfdfd25 Creating 
 Container script-k6-run-d4700bfdfd25 Created 

         /\      Grafana   /‾‾/  
    /\  /  \     |\  __   /  /   
   /  \/    \    | |/ /  /   ‾‾\ 
  /          \   |   (  |  (‾)  |
 / __________ \  |_|\_\  \_____/ 


     execution: local
        script: /scripts/apis/iam_permissions_list.js
        output: Prometheus remote write (http://prometheus:9090/api/v1/write)

     scenarios: (100.00%) 1 scenario, 200 max VUs, 1m30s max duration (incl. graceful stop):
              * single_api: 300.00 iterations/s for 1m0s (maxVUs: 150-200, exec: singleApi, gracefulStop: 30s)


running (0m01.0s), 000/150 VUs, 296 complete and 0 interrupted iterations
single_api   [   2% ] 000/150 VUs  0m01.0s/1m0s  300.00 iters/s

running (0m02.0s), 000/150 VUs, 596 complete and 0 interrupted iterations
single_api   [   3% ] 000/150 VUs  0m02.0s/1m0s  300.00 iters/s

running (0m03.0s), 001/150 VUs, 895 complete and 0 interrupted iterations
single_api   [   5% ] 001/150 VUs  0m03.0s/1m0s  300.00 iters/s

running (0m04.0s), 000/150 VUs, 1196 complete and 0 interrupted iterations
single_api   [   7% ] 000/150 VUs  0m04.0s/1m0s  300.00 iters/s

running (0m05.0s), 000/150 VUs, 1496 complete and 0 interrupted iterations
single_api   [   8% ] 000/150 VUs  0m05.0s/1m0s  300.00 iters/s

running (0m06.0s), 000/150 VUs, 1796 complete and 0 interrupted iterations
single_api   [  10% ] 000/150 VUs  0m06.0s/1m0s  300.00 iters/s

running (0m07.0s), 000/150 VUs, 2096 complete and 0 interrupted iterations
single_api   [  12% ] 000/150 VUs  0m07.0s/1m0s  300.00 iters/s

running (0m08.0s), 000/150 VUs, 2396 complete and 0 interrupted iterations
single_api   [  13% ] 000/150 VUs  0m08.0s/1m0s  300.00 iters/s

running (0m09.0s), 000/150 VUs, 2696 complete and 0 interrupted iterations
single_api   [  15% ] 000/150 VUs  0m09.0s/1m0s  300.00 iters/s

running (0m10.0s), 000/150 VUs, 2996 complete and 0 interrupted iterations
single_api   [  17% ] 000/150 VUs  0m10.0s/1m0s  300.00 iters/s

running (0m11.0s), 000/150 VUs, 3296 complete and 0 interrupted iterations
single_api   [  18% ] 000/150 VUs  0m11.0s/1m0s  300.00 iters/s

running (0m12.0s), 000/150 VUs, 3596 complete and 0 interrupted iterations
single_api   [  20% ] 000/150 VUs  0m12.0s/1m0s  300.00 iters/s

running (0m13.0s), 000/150 VUs, 3896 complete and 0 interrupted iterations
single_api   [  22% ] 000/150 VUs  0m13.0s/1m0s  300.00 iters/s

running (0m14.0s), 000/150 VUs, 4196 complete and 0 interrupted iterations
single_api   [  23% ] 000/150 VUs  0m14.0s/1m0s  300.00 iters/s

running (0m15.0s), 001/150 VUs, 4495 complete and 0 interrupted iterations
single_api   [  25% ] 001/150 VUs  0m15.0s/1m0s  300.00 iters/s

running (0m16.0s), 000/150 VUs, 4796 complete and 0 interrupted iterations
single_api   [  27% ] 000/150 VUs  0m16.0s/1m0s  300.00 iters/s

running (0m17.0s), 000/150 VUs, 5096 complete and 0 interrupted iterations
single_api   [  28% ] 000/150 VUs  0m17.0s/1m0s  300.00 iters/s

running (0m18.0s), 001/150 VUs, 5395 complete and 0 interrupted iterations
single_api   [  30% ] 001/150 VUs  0m18.0s/1m0s  300.00 iters/s

running (0m19.0s), 000/150 VUs, 5696 complete and 0 interrupted iterations
single_api   [  32% ] 000/150 VUs  0m19.0s/1m0s  300.00 iters/s

running (0m20.0s), 000/150 VUs, 5996 complete and 0 interrupted iterations
single_api   [  33% ] 000/150 VUs  0m20.0s/1m0s  300.00 iters/s

running (0m21.0s), 000/150 VUs, 6296 complete and 0 interrupted iterations
single_api   [  35% ] 000/150 VUs  0m21.0s/1m0s  300.00 iters/s

running (0m22.0s), 000/150 VUs, 6596 complete and 0 interrupted iterations
single_api   [  37% ] 000/150 VUs  0m22.0s/1m0s  300.00 iters/s

running (0m23.0s), 000/150 VUs, 6896 complete and 0 interrupted iterations
single_api   [  38% ] 000/150 VUs  0m23.0s/1m0s  300.00 iters/s

running (0m24.0s), 000/150 VUs, 7196 complete and 0 interrupted iterations
single_api   [  40% ] 000/150 VUs  0m24.0s/1m0s  300.00 iters/s

running (0m25.0s), 000/150 VUs, 7496 complete and 0 interrupted iterations
single_api   [  42% ] 000/150 VUs  0m25.0s/1m0s  300.00 iters/s

running (0m26.0s), 000/150 VUs, 7796 complete and 0 interrupted iterations
single_api   [  43% ] 000/150 VUs  0m26.0s/1m0s  300.00 iters/s

running (0m27.0s), 000/150 VUs, 8096 complete and 0 interrupted iterations
single_api   [  45% ] 000/150 VUs  0m27.0s/1m0s  300.00 iters/s

running (0m28.0s), 000/150 VUs, 8396 complete and 0 interrupted iterations
single_api   [  47% ] 000/150 VUs  0m28.0s/1m0s  300.00 iters/s

running (0m29.0s), 000/150 VUs, 8696 complete and 0 interrupted iterations
single_api   [  48% ] 000/150 VUs  0m29.0s/1m0s  300.00 iters/s

running (0m30.0s), 000/150 VUs, 8996 complete and 0 interrupted iterations
single_api   [  50% ] 000/150 VUs  0m30.0s/1m0s  300.00 iters/s

running (0m31.0s), 001/150 VUs, 9295 complete and 0 interrupted iterations
single_api   [  52% ] 001/150 VUs  0m31.0s/1m0s  300.00 iters/s

running (0m32.0s), 000/150 VUs, 9596 complete and 0 interrupted iterations
single_api   [  53% ] 000/150 VUs  0m32.0s/1m0s  300.00 iters/s

running (0m33.0s), 000/150 VUs, 9896 complete and 0 interrupted iterations
single_api   [  55% ] 000/150 VUs  0m33.0s/1m0s  300.00 iters/s

running (0m34.0s), 000/150 VUs, 10196 complete and 0 interrupted iterations
single_api   [  57% ] 000/150 VUs  0m34.0s/1m0s  300.00 iters/s

running (0m35.0s), 000/150 VUs, 10496 complete and 0 interrupted iterations
single_api   [  58% ] 000/150 VUs  0m35.0s/1m0s  300.00 iters/s

running (0m36.0s), 000/150 VUs, 10796 complete and 0 interrupted iterations
single_api   [  60% ] 000/150 VUs  0m36.0s/1m0s  300.00 iters/s

running (0m37.0s), 000/150 VUs, 11096 complete and 0 interrupted iterations
single_api   [  62% ] 000/150 VUs  0m37.0s/1m0s  300.00 iters/s

running (0m38.0s), 000/150 VUs, 11396 complete and 0 interrupted iterations
single_api   [  63% ] 000/150 VUs  0m38.0s/1m0s  300.00 iters/s

running (0m39.0s), 000/150 VUs, 11696 complete and 0 interrupted iterations
single_api   [  65% ] 000/150 VUs  0m39.0s/1m0s  300.00 iters/s

running (0m40.0s), 000/150 VUs, 11996 complete and 0 interrupted iterations
single_api   [  67% ] 000/150 VUs  0m40.0s/1m0s  300.00 iters/s

running (0m41.0s), 000/150 VUs, 12296 complete and 0 interrupted iterations
single_api   [  68% ] 000/150 VUs  0m41.0s/1m0s  300.00 iters/s

running (0m42.0s), 000/150 VUs, 12596 complete and 0 interrupted iterations
single_api   [  70% ] 000/150 VUs  0m42.0s/1m0s  300.00 iters/s

running (0m43.0s), 000/150 VUs, 12896 complete and 0 interrupted iterations
single_api   [  72% ] 000/150 VUs  0m43.0s/1m0s  300.00 iters/s

running (0m44.0s), 000/150 VUs, 13196 complete and 0 interrupted iterations
single_api   [  73% ] 000/150 VUs  0m44.0s/1m0s  300.00 iters/s

running (0m45.0s), 000/150 VUs, 13496 complete and 0 interrupted iterations
single_api   [  75% ] 000/150 VUs  0m45.0s/1m0s  300.00 iters/s

running (0m46.0s), 000/150 VUs, 13796 complete and 0 interrupted iterations
single_api   [  77% ] 000/150 VUs  0m46.0s/1m0s  300.00 iters/s

running (0m47.0s), 000/150 VUs, 14096 complete and 0 interrupted iterations
single_api   [  78% ] 000/150 VUs  0m47.0s/1m0s  300.00 iters/s

running (0m48.0s), 000/150 VUs, 14396 complete and 0 interrupted iterations
single_api   [  80% ] 000/150 VUs  0m48.0s/1m0s  300.00 iters/s

running (0m49.0s), 000/150 VUs, 14696 complete and 0 interrupted iterations
single_api   [  82% ] 000/150 VUs  0m49.0s/1m0s  300.00 iters/s

running (0m50.0s), 000/150 VUs, 14996 complete and 0 interrupted iterations
single_api   [  83% ] 000/150 VUs  0m50.0s/1m0s  300.00 iters/s

running (0m51.0s), 001/150 VUs, 15295 complete and 0 interrupted iterations
single_api   [  85% ] 001/150 VUs  0m51.0s/1m0s  300.00 iters/s

running (0m52.0s), 000/150 VUs, 15596 complete and 0 interrupted iterations
single_api   [  87% ] 000/150 VUs  0m52.0s/1m0s  300.00 iters/s

running (0m53.0s), 000/150 VUs, 15896 complete and 0 interrupted iterations
single_api   [  88% ] 000/150 VUs  0m53.0s/1m0s  300.00 iters/s

running (0m54.0s), 000/150 VUs, 16196 complete and 0 interrupted iterations
single_api   [  90% ] 000/150 VUs  0m54.0s/1m0s  300.00 iters/s

running (0m55.0s), 000/150 VUs, 16496 complete and 0 interrupted iterations
single_api   [  92% ] 000/150 VUs  0m55.0s/1m0s  300.00 iters/s

running (0m56.0s), 000/150 VUs, 16796 complete and 0 interrupted iterations
single_api   [  93% ] 000/150 VUs  0m56.0s/1m0s  300.00 iters/s

running (0m57.0s), 000/150 VUs, 17096 complete and 0 interrupted iterations
single_api   [  95% ] 000/150 VUs  0m57.0s/1m0s  300.00 iters/s

running (0m58.0s), 001/150 VUs, 17395 complete and 0 interrupted iterations
single_api   [  97% ] 001/150 VUs  0m58.0s/1m0s  300.00 iters/s

running (0m59.0s), 000/150 VUs, 17696 complete and 0 interrupted iterations
single_api   [  98% ] 000/150 VUs  0m59.0s/1m0s  300.00 iters/s

running (1m00.0s), 000/150 VUs, 17996 complete and 0 interrupted iterations
single_api   [ 100% ] 000/150 VUs  1m00.0s/1m0s  300.00 iters/s


  █ THRESHOLDS 

    checks
    ✓ 'rate>0.95' rate=100.00%

    http_req_duration
    ✓ 'p(95)<1500' p(95)=732.81µs

    http_req_failed
    ✓ 'rate<0.05' rate=0.00%


  █ TOTAL RESULTS 

    checks_total.......: 18001   300.005948/s
    checks_succeeded...: 100.00% 18001 out of 18001
    checks_failed......: 0.00%   0 out of 18001

    ✓ iam_permissions_list status

    HTTP
    http_req_duration..............: avg=524.77µs min=182.86µs med=554.08µs max=2.92ms p(90)=691.94µs p(95)=732.81µs
      { expected_response:true }...: avg=524.77µs min=182.86µs med=554.08µs max=2.92ms p(90)=691.94µs p(95)=732.81µs
    http_req_failed................: 0.00%  0 out of 18001
    http_reqs......................: 18001  300.005948/s

    EXECUTION
    iteration_duration.............: avg=677.04µs min=244.01µs med=710.78µs max=19.9ms p(90)=869.9µs  p(95)=921.3µs 
    iterations.....................: 18001  300.005948/s
    vus............................: 0      min=0          max=1  
    vus_max........................: 150    min=150        max=150

    NETWORK
    data_received..................: 34 MB  565 kB/s
    data_sent......................: 2.7 MB 45 kB/s




running (1m00.0s), 000/150 VUs, 18001 complete and 0 interrupted iterations
single_api ✓ [ 100% ] 000/150 VUs  1m0s  300.00 iters/s
